2023-09-13 14:46:11 Loading main app package /usr/lib/obsidian/obsidian.asar
2023-09-13 14:46:11 Checking for update using Github
2023-09-13 14:46:11 Success.
2023-09-13 14:46:11 Latest version is 1.4.12
2023-09-13 14:46:11 Downloading update from https://github.com/obsidianmd/obsidian-releases/releases/download/v1.4.12/obsidian-1.4.12.asar.gz
2023-09-13 14:46:16 Verifying hash & signature. Size= 8394475
2023-09-13 14:46:16 Saving file
2023-09-13 14:46:16 Update complete.
2023-09-13 15:07:00 Loading updated app package /home/trucmai/.config/obsidian/obsidian-1.4.12.asar
2023-09-13 15:07:00 Checking for update using Github
2023-09-13 15:07:00 Success.
2023-09-13 15:07:00 Latest version is 1.4.12
2023-09-13 15:07:00 App is up to date.
2023-09-17 17:40:27 Loading main app package /usr/lib/obsidian/obsidian.asar
2023-09-17 17:40:27 Checking for update using Github
2023-09-17 17:40:28 Success.
2023-09-17 17:40:28 Latest version is 1.4.13
2023-09-17 17:40:28 App is up to date.
2023-09-21 12:07:34 Loading main app package /usr/lib/obsidian/obsidian.asar
2023-09-21 12:07:34 Checking for update using Github
2023-09-21 12:07:34 Success.
2023-09-21 12:07:34 Latest version is 1.4.13
2023-09-21 12:07:34 App is up to date.
2023-09-22 06:18:57 Loading main app package /usr/lib/obsidian/obsidian.asar
2023-09-22 06:18:57 Checking for update using Github
2023-09-22 06:18:57 Success.
2023-09-22 06:18:57 Latest version is 1.4.13
2023-09-22 06:18:57 App is up to date.
2023-09-22 06:45:57 Loading main app package /usr/lib/obsidian/obsidian.asar
2023-09-22 06:45:57 Checking for update using Github
2023-09-22 06:45:57 Success.
2023-09-22 06:45:57 Latest version is 1.4.13
2023-09-22 06:45:57 App is up to date.
