2023-10-10T15:22:27.825Z 0: 

----------------------------------------------
2023-10-10T15:22:27.840Z 1: Discord starting: {"releaseChannel":"stable","version":"0.0.31"}, modulepath: /home/trucmai/.config/discord/0.0.31/modules
2023-10-10T15:22:27.851Z 2: ✅ webContents.created web1 ""
2023-10-10T15:22:27.865Z 3: ✅ window.created win1 "discord"
2023-10-10T15:22:27.915Z 4: Wrote 242656 byte minidump to /home/trucmai/.config/discord/0.0.31/modules/crashlogs/2023_10_10T15_22_27_859Z-1-minidump.dmp
2023-10-10T15:22:27.940Z 5: Sentry report: {"sdk":{"name":"sentry.javascript.electron","packages":[{"name":"npm:@sentry/electron","version":"4.12.0"}],"version":"4.12.0","integrations":["SentryMinidump","ElectronBreadcrumbs","Net","MainContext","ChildProcess","OnUncaughtException","PreloadInjection","AdditionalContext","Screenshots","InboundFilters","FunctionToString","Console","Http","Undici","OnUnhandledRejection","ContextLines","LocalVariables","Modules","RequestData","LinkedErrors"]},"contexts":{"trace":{"trace_id":"dd0fcb22b0594042a32440993d06efde","span_id":"8236416194836908"},"app":{"app_name":"discord","app_version":"0.0.31","app_start_time":"2023-10-10T15:22:27.494Z"},"os":{"kernel_version":"6.5.5-arch1-1","name":"Arch Linux","version":"\"rolling\""},"browser":{"name":"Chrome"},"chrome":{"name":"Chrome","type":"runtime","version":"108.0.5359.215"},"device":{"arch":"x64","family":"Desktop","language":"en-US","screen_density":1,"screen_resolution":"1920x1080","memory_size":15528177664,"free_memory":1526562816,"processor_count":16,"cpu_description":"AMD Ryzen 7 PRO 5850U with Radeon Graphics","processor_frequency":3364},"node":{"name":"Node","type":"runtime","version":"16.17.1"},"runtime":{"name":"Electron","version":"22.3.25"}},"environment":"stable","release":"0.0.31","user":{"ip_address":"{{auto}}"},"tags":{"event.origin":"electron","event.environment":"native","event.process":"browser","event_type":"native"},"level":"fatal","platform":"native","breadcrumbs":[{"timestamp":1696951347.707,"category":"console","level":"log","message":"Discord 0.0.31"},{"timestamp":1696951347.786,"category":"electron","message":"app.will-finish-launching","type":"ui"},{"timestamp":1696951347.793,"category":"electron","message":"app.ready","type":"ui"},{"timestamp":1696951347.798,"category":"electron","message":"app.session-created","type":"ui"},{"timestamp":1696951347.798,"category":"console","level":"log","message":"Starting app."},{"timestamp":1696951347.799,"category":"console","level":"log","message":"Removing old directory  0.0.30"},{"timestamp":1696951347.802,"category":"console","level":"log","message":"Starting updater."},{"timestamp":1696951347.803,"category":"console","level":"log","message":"2023-10-10T15:22:27.803Z [Modules] Modules initializing"},{"timestamp":1696951347.803,"category":"console","level":"log","message":"2023-10-10T15:22:27.803Z [Modules] Distribution: remote"},{"timestamp":1696951347.803,"category":"console","level":"log","message":"2023-10-10T15:22:27.803Z [Modules] Host updates: disabled"},{"timestamp":1696951347.803,"category":"console","level":"log","message":"2023-10-10T15:22:27.803Z [Modules] Module updates: enabled"},{"timestamp":1696951347.803,"category":"console","level":"log","message":"2023-10-10T15:22:27.803Z [Modules] Module install path: /home/trucmai/.config/discord/0.0.31/modules"},{"timestamp":1696951347.803,"category":"console","level":"log","message":"2023-10-10T15:22:27.803Z [Modules] Module installed file path: /home/trucmai/.config/discord/0.0.31/modules/installed.json"},{"timestamp":1696951347.803,"category":"console","level":"log","message":"2023-10-10T15:22:27.803Z [Modules] Module download path: /home/trucmai/.config/discord/0.0.31/modules/pending"},{"timestamp":1696951347.805,"category":"console","level":"log","message":"splashScreen.initSplash(false)"},{"timestamp":1696951347.81,"category":"electron","message":"app.web-contents-created","type":"ui"},{"timestamp":1696951347.812,"category":"electron","message":"app.browser-window-created","type":"ui"},{"timestamp":1696951347.817,"category":"electron","message":"renderer.load-url","type":"ui","data":{}},{"timestamp":1696951347.825,"category":"console","level":"log","message":"blackbox: 2023-10-10T15:22:27.825Z 0 \n\n----------------------------------------------"},{"timestamp":1696951347.707,"category":"console","level":"log","message":"Discord 0.0.31"},{"timestamp":1696951347.786,"category":"electron","message":"app.will-finish-launching","type":"ui"},{"timestamp":1696951347.793,"category":"electron","message":"app.ready","type":"ui"},{"timestamp":1696951347.798,"category":"electron","message":"app.session-created","type":"ui"},{"timestamp":1696951347.798,"category":"console","level":"log","message":"Starting app."},{"timestamp":1696951347.799,"category":"console","level":"log","message":"Removing old directory  0.0.30"},{"timestamp":1696951347.802,"category":"console","level":"log","message":"Starting updater."},{"timestamp":1696951347.803,"category":"console","level":"log","message":"2023-10-10T15:22:27.803Z [Modules] Modules initializing"},{"timestamp":1696951347.803,"category":"console","level":"log","message":"2023-10-10T15:22:27.803Z [Modules] Distribution: remote"},{"timestamp":1696951347.803,"category":"console","level":"log","message":"2023-10-10T15:22:27.803Z [Modules] Host updates: disabled"},{"timestamp":1696951347.803,"category":"console","level":"log","message":"2023-10-10T15:22:27.803Z [Modules] Module updates: enabled"},{"timestamp":1696951347.803,"category":"console","level":"log","message":"2023-10-10T15:22:27.803Z [Modules] Module install path: /home/trucmai/.config/discord/0.0.31/modules"},{"timestamp":1696951347.803,"category":"console","level":"log","message":"2023-10-10T15:22:27.803Z [Modules] Module installed file path: /home/trucmai/.config/discord/0.0.31/modules/installed.json"},{"timestamp":1696951347.803,"category":"console","level":"log","message":"2023-10-10T15:22:27.803Z [Modules] Module download path: /home/trucmai/.config/discord/0.0.31/modules/pending"},{"timestamp":1696951347.805,"category":"console","level":"log","message":"splashScreen.initSplash(false)"},{"timestamp":1696951347.81,"category":"electron","message":"app.web-contents-created","type":"ui"},{"timestamp":1696951347.812,"category":"electron","message":"app.browser-window-created","type":"ui"},{"timestamp":1696951347.817,"category":"electron","message":"renderer.load-url","type":"ui","data":{}},{"timestamp":1696951347.825,"category":"console","level":"log","message":"blackbox: 2023-10-10T15:22:27.825Z 0 \n\n----------------------------------------------"},{"timestamp":1696951347.84,"category":"console","level":"log","message":"blackbox: 2023-10-10T15:22:27.840Z 1 Discord starting: {\"releaseChannel\":\"stable\",\"version\":\"0.0.31\"}, modulepath: /home/trucmai/.config/discord/0.0.31/modules"},{"timestamp":1696951347.851,"category":"console","level":"log","message":"blackbox: 2023-10-10T15:22:27.851Z 2 ✅ webContents.created web1 \"\""}],"modules":{"mkdirp":"0.5.5","rimraf":"2.7.1","glob":"7.1.7","fs.realpath":"1.0.0","minimatch":"3.1.2","brace-expansion":"1.1.11","concat-map":"0.0.1","balanced-match":"1.0.2","inherits":"2.0.4","path-is-absolute":"1.0.1","inflight":"1.0.6","wrappy":"1.0.2","once":"1.4.0","yauzl":"2.10.0","fd-slicer":"1.1.0","pend":"1.2.0","buffer-crc32":"0.2.13","request":"2.88.0","extend":"3.0.2","tough-cookie":"2.4.3","psl":"1.8.0","json-stringify-safe":"5.0.1","safe-buffer":"5.2.1","aws-sign2":"0.7.0","aws4":"1.11.0","http-signature":"1.2.0","assert-plus":"1.0.0","sshpk":"1.16.1","safer-buffer":"2.1.2","asn1":"0.2.4","ecc-jsbn":"0.1.2","jsbn":"0.1.1","tweetnacl":"0.14.5","jsprim":"1.4.1","extsprintf":"1.3.0","verror":"1.10.0","core-util-is":"1.0.2","json-schema":"0.2.3","mime-types":"2.1.32","mime-db":"1.49.0","caseless":"0.12.0","forever-agent":"0.6.1","form-data":"2.3.3","combined-stream":"1.0.8","delayed-stream":"1.0.0","asynckit":"0.4.0","isstream":"0.1.2","is-typedarray":"1.0.0","qs":"6.5.3","har-validator":"5.1.5","ajv":"6.12.6","uri-js":"4.4.1","fast-deep-equal":"3.1.3","json-schema-traverse":"0.4.1","fast-json-stable-stringify":"2.1.0","har-schema":"2.0.0","uuid":"3.4.0","oauth-sign":"0.9.0","tunnel-agent":"0.6.0","performance-now":"2.1.0","https-proxy-agent":"5.0.1","ms":"2.1.2","agent-base":"6.0.2","lru_map":"0.3.3","cookie":"0.4.2","deepmerge":"4.3.0"},"event_id":"153ebb62612a4d379e9b6fcf34cf3d9a","timestamp":1696951347.853,"extra":{"release_channel":"stable","sentry":{"environment":"stable","release":"0.0.31"},"wm":"i3,i3","distro":"\"Arch Linux\""}}
2023-10-10T15:22:28.086Z 6: ✅ webContents.did-finish-load web1
2023-10-10T15:24:00.047Z 7: ✅ webContents.created web2 ""
2023-10-10T15:24:00.059Z 8: ✅ window.created win2 "Discord"
2023-10-10T15:24:05.073Z 9: ✅ webContents.did-finish-load web2
2023-10-10T15:24:05.172Z 10: window.close win1
2023-10-10T15:24:05.182Z 11: webContents.destroyed web1
2023-10-10T15:24:05.185Z 12: window.closed win1
2023-10-12T11:44:02.041Z 13: window.close win2
2023-10-12T11:44:21.108Z 0: 

----------------------------------------------
2023-10-12T11:44:21.127Z 1: Discord starting: {"releaseChannel":"stable","version":"0.0.31"}, modulepath: /home/trucmai/.config/discord/0.0.31/modules
2023-10-12T11:44:21.134Z 2: ✅ webContents.created web1 ""
2023-10-12T11:44:21.137Z 3: ✅ window.created win1 "discord"
2023-10-12T11:44:21.325Z 4: ✅ webContents.did-finish-load web1
2023-10-12T11:44:21.930Z 5: ✅ webContents.created web2 ""
2023-10-12T11:44:21.945Z 6: ✅ window.created win2 "Discord"
2023-10-12T11:44:27.868Z 7: ✅ webContents.did-finish-load web2
2023-10-12T11:44:27.968Z 8: window.close win1
2023-10-12T11:44:27.976Z 9: webContents.destroyed web1
2023-10-12T11:44:27.980Z 10: window.closed win1
2023-10-12T23:24:26.715Z 11: window.close win2
2023-10-12T23:24:26.730Z 12: ❌ child-process-gone {
  type: 'Utility',
  reason: 'killed',
  exitCode: 15,
  serviceName: 'audio.mojom.AudioService',
  name: 'Audio Service'
}
2023-10-12T23:24:26.799Z 13: ❌ child-process-gone {
  type: 'Utility',
  reason: 'killed',
  exitCode: 15,
  serviceName: 'network.mojom.NetworkService',
  name: 'Network Service'
}
2023-10-13T05:19:17.421Z 0: 

----------------------------------------------
2023-10-13T05:19:17.436Z 1: Discord starting: {"releaseChannel":"stable","version":"0.0.31"}, modulepath: /home/trucmai/.config/discord/0.0.31/modules
2023-10-13T05:19:17.475Z 2: ✅ webContents.created web1 ""
2023-10-13T05:19:17.486Z 3: ✅ window.created win1 "discord"
2023-10-13T05:19:17.903Z 4: ✅ webContents.did-finish-load web1
2023-10-13T05:19:18.149Z 5: ✅ webContents.created web2 ""
2023-10-13T05:19:18.169Z 6: ✅ window.created win2 "Discord"
2023-10-13T05:19:25.094Z 7: ✅ webContents.did-finish-load web2
2023-10-13T05:19:25.194Z 8: window.close win1
2023-10-13T05:19:25.202Z 9: webContents.destroyed web1
2023-10-13T05:19:25.206Z 10: window.closed win1
2023-10-13T06:08:52.271Z 11: window.close win2
2023-10-13T06:35:24.636Z 0: 

----------------------------------------------
2023-10-13T06:35:24.658Z 1: Discord starting: {"releaseChannel":"stable","version":"0.0.31"}, modulepath: /home/trucmai/.config/discord/0.0.31/modules
2023-10-13T06:35:24.664Z 2: ✅ webContents.created web1 ""
2023-10-13T06:35:24.667Z 3: ✅ window.created win1 "discord"
2023-10-13T06:35:24.959Z 4: ✅ webContents.did-finish-load web1
2023-10-13T06:35:25.051Z 5: ✅ webContents.created web2 ""
2023-10-13T06:35:25.063Z 6: ✅ window.created win2 "Discord"
2023-10-13T06:35:28.552Z 7: ✅ webContents.did-finish-load web2
2023-10-13T06:35:28.652Z 8: window.close win1
2023-10-13T06:35:28.657Z 9: webContents.destroyed web1
2023-10-13T06:35:28.660Z 10: window.closed win1
